<?xml version="1.0" encoding="UTF-8"?>
<!-- Generated by org.testng.reporters.JUnitReportReporter -->
<testsuite hostname="Admin-PC" failures="0" tests="1" name="com.qa.testcases.EditDailyTasksadd" time="29.777" errors="0" timestamp="2021-02-06T13:52:29 IST" skipped="0">
  <testcase classname="com.qa.testcases.EditDailyTasksadd" name="add_daily_tasks_through_edit" time="29.777"/>
  <system-out/>
</testsuite> <!-- com.qa.testcases.EditDailyTasksadd -->
