<?xml version="1.0" encoding="UTF-8"?>
<!-- Generated by org.testng.reporters.JUnitReportReporter -->
<testsuite hostname="Admin-PC" failures="0" tests="1" name="com.qa.testcases.CreateDailyTasks" time="11.008" errors="0" timestamp="2021-02-08T22:44:21 IST" skipped="0">
  <testcase classname="com.qa.testcases.CreateDailyTasks" name="enter_daily_tasks" time="11.008"/>
  <system-out/>
</testsuite> <!-- com.qa.testcases.CreateDailyTasks -->
