<?xml version="1.0" encoding="UTF-8"?>
<!-- Generated by org.testng.reporters.JUnitReportReporter -->
<testsuite hostname="Admin-PC" failures="0" tests="1" name="com.qa.testcases.VerifyTaskStatusUpdates" time="19.004" errors="0" timestamp="2021-02-06T15:14:58 IST" skipped="0">
  <testcase classname="com.qa.testcases.VerifyTaskStatusUpdates" name="VerifyTasksStatus" time="19.004"/>
  <system-out/>
</testsuite> <!-- com.qa.testcases.VerifyTaskStatusUpdates -->
