<?xml version="1.0" encoding="UTF-8"?>
<!-- Generated by org.testng.reporters.JUnitReportReporter -->
<testsuite hostname="Admin-PC" failures="0" tests="1" name="com.qa.testcases.EditDailyTasksDelete" time="8.423" errors="0" timestamp="2021-02-06T12:00:12 IST" skipped="0">
  <testcase classname="com.qa.testcases.EditDailyTasksDelete" name="delete_daily_tasks" time="8.423"/>
  <system-out/>
</testsuite> <!-- com.qa.testcases.EditDailyTasksDelete -->
